-------------------------------------------------------------------------------
Test set: com.xinjia.test.jdbc.EmailJDBCTest
-------------------------------------------------------------------------------
Tests run: 8, Failures: 0, Errors: 8, Skipped: 0, Time elapsed: 0.696 s <<< FAILURE! - in com.xinjia.test.jdbc.EmailJDBCTest
testDeleteEmail  Time elapsed: 0.675 s  <<< ERROR!
java.lang.NullPointerException
	at com.xinjia.test.jdbc.EmailJDBCTest.loadAsString(EmailJDBCTest.java:203)
	at com.xinjia.test.jdbc.EmailJDBCTest.seedDatabase(EmailJDBCTest.java:191)

testFindEmailsBySubject  Time elapsed: 0.001 s  <<< ERROR!
java.lang.NullPointerException
	at com.xinjia.test.jdbc.EmailJDBCTest.loadAsString(EmailJDBCTest.java:203)
	at com.xinjia.test.jdbc.EmailJDBCTest.seedDatabase(EmailJDBCTest.java:191)

testUpdateEmail  Time elapsed: 0.001 s  <<< ERROR!
java.lang.NullPointerException
	at com.xinjia.test.jdbc.EmailJDBCTest.loadAsString(EmailJDBCTest.java:203)
	at com.xinjia.test.jdbc.EmailJDBCTest.seedDatabase(EmailJDBCTest.java:191)

testFindAll  Time elapsed: 0 s  <<< ERROR!
java.lang.NullPointerException
	at com.xinjia.test.jdbc.EmailJDBCTest.loadAsString(EmailJDBCTest.java:203)
	at com.xinjia.test.jdbc.EmailJDBCTest.seedDatabase(EmailJDBCTest.java:191)

testCreateEmail  Time elapsed: 0.002 s  <<< ERROR!
java.lang.NullPointerException
	at com.xinjia.test.jdbc.EmailJDBCTest.loadAsString(EmailJDBCTest.java:203)
	at com.xinjia.test.jdbc.EmailJDBCTest.seedDatabase(EmailJDBCTest.java:191)

testFindSentEmails  Time elapsed: 0.002 s  <<< ERROR!
java.lang.NullPointerException
	at com.xinjia.test.jdbc.EmailJDBCTest.loadAsString(EmailJDBCTest.java:203)
	at com.xinjia.test.jdbc.EmailJDBCTest.seedDatabase(EmailJDBCTest.java:191)

testFindByID6  Time elapsed: 0.002 s  <<< ERROR!
java.lang.NullPointerException
	at com.xinjia.test.jdbc.EmailJDBCTest.loadAsString(EmailJDBCTest.java:203)
	at com.xinjia.test.jdbc.EmailJDBCTest.seedDatabase(EmailJDBCTest.java:191)

com.xinjia.test.jdbc.EmailJDBCTest  Time elapsed: 0.009 s  <<< ERROR!
java.lang.NullPointerException
	at com.xinjia.test.jdbc.EmailJDBCTest.loadAsString(EmailJDBCTest.java:203)
	at com.xinjia.test.jdbc.EmailJDBCTest.seedDatabase(EmailJDBCTest.java:191)
	at com.xinjia.test.jdbc.EmailJDBCTest.seedAfterTestCompleted(EmailJDBCTest.java:176)

